TN:
SF:nadi/__init__.py
DA:0,1,1B2M2Y8AsgTpgAmY7PhCfg
LF:0
LH:0
end_of_record
TN:
SF:nadi/cli.py
DA:1,1,NliK4oZCahxvQQx1DqKQCw
DA:2,1,+G8gJzLLi4WJdRuWGHoFFQ
DA:3,1,xbN0PkUiHvNUkU8ErBeZyw
DA:4,1,3DDejYr7RYLDg2E5BxyP0g
DA:7,1,y7Ee9tMM4N2MpSwJkp5NPA
DA:8,1,zZfjSOZdKlMriPEal3WUVQ
DA:9,1,gcaE/nymtZV52U6L/ABibA
DA:16,1,4wG4Zz3S1Zl6PABBTxjHAg
DA:19,1,uQDYuJSvCDf7shdksLsUCA
DA:20,1,TnRW3nmk2tIL+hFLzm/C2w
DA:27,1,bbN4qTHXvp1igrmPbhrbmw
DA:37,1,H76KDZt5lj7qqaANwSYvTQ
DA:38,1,TnRW3nmk2tIL+hFLzm/C2w
DA:45,1,bbN4qTHXvp1igrmPbhrbmw
DA:55,1,/3XKdTJ8TutsibmEm9JPhA
DA:56,1,TnRW3nmk2tIL+hFLzm/C2w
DA:62,1,bbN4qTHXvp1igrmPbhrbmw
DA:72,1,dhXapPOelEIM4y+owahXJA
DA:73,1,TnRW3nmk2tIL+hFLzm/C2w
DA:76,1,bbN4qTHXvp1igrmPbhrbmw
DA:86,1,4PKST39S3A0RkP6tj4aU3w
DA:87,1,TnRW3nmk2tIL+hFLzm/C2w
DA:90,1,bbN4qTHXvp1igrmPbhrbmw
DA:100,1,8LVKP+eL8eKfjVyvFlblOg
DA:101,1,IX55YzJ6n23pUqGJDFKreg
DA:102,1,AedftGJbdps0bSnFplGvVw
DA:104,1,mV+KyE5fWXJGRv36EuCX9g
DA:107,1,EHe8pYLROSQWWwWKhDpscA
DA:108,1,KaGja5LBMP7rtJf4VKclbA
DA:109,1,Nss7fMgAfuocUxtyXCPz8w
DA:113,1,cxOFjX7bhdmpgyA/iEM6sQ
DA:114,1,gnpPkY86zRqhDmSM8rfJKQ
DA:115,1,PhevRwLaXIIwGWZ+7pLnPA
DA:116,1,Zb3PfwrSjnl2FZ28RFpRGQ
DA:117,1,UZGsHUVAzHDTW7AcPOBYKg
DA:118,1,/VUFiz7BPi5HbTyN65ltRQ
DA:125,1,cxOFjX7bhdmpgyA/iEM6sQ
DA:126,1,gnpPkY86zRqhDmSM8rfJKQ
DA:127,1,PhevRwLaXIIwGWZ+7pLnPA
DA:128,1,Zb3PfwrSjnl2FZ28RFpRGQ
DA:129,1,UZGsHUVAzHDTW7AcPOBYKg
DA:130,1,HM8SisVF+kqXrHHUbV4Nmg
DA:137,1,cxOFjX7bhdmpgyA/iEM6sQ
DA:138,1,gnpPkY86zRqhDmSM8rfJKQ
DA:139,1,PhevRwLaXIIwGWZ+7pLnPA
DA:140,1,Zb3PfwrSjnl2FZ28RFpRGQ
DA:141,1,G0S3igjqTISSNDkTzFqmmQ
DA:142,1,UZGsHUVAzHDTW7AcPOBYKg
DA:143,1,BAfvhLCFrmNrY/x3ehAl9g
DA:10,0,HE47A84gyHuLO5ssYgfVPQ
DA:11,0,Yx+wv1T30/rO4iEBqRVy3A
DA:14,0,KBI0Sro2Gx2B12c0DpmT8Q
DA:21,0,bROhqArzApyuvSMoKZhzmg
DA:22,0,Vt6zbBte0qBlHuojE8f3TA
DA:25,0,BorTe+0HQpcr3zDD5zth5A
DA:39,0,bROhqArzApyuvSMoKZhzmg
DA:40,0,Vt6zbBte0qBlHuojE8f3TA
DA:43,0,BorTe+0HQpcr3zDD5zth5A
DA:57,0,bROhqArzApyuvSMoKZhzmg
DA:58,0,WdeTXou7kR+paLXRPu2cuw
DA:59,0,QvSzfccq2hePC5QV+Hm59A
DA:60,0,BorTe+0HQpcr3zDD5zth5A
DA:74,0,BorTe+0HQpcr3zDD5zth5A
DA:88,0,BorTe+0HQpcr3zDD5zth5A
DA:110,0,PdeqDqr4bOft68ON3+/7kg
DA:119,0,3JjKdVqn4gOd+5E5DpAWRA
DA:120,0,oslI03RLS5+nMKQIev4KPw
DA:122,0,BCpRJwTXYNAaOsCVXxabPQ
DA:131,0,3JjKdVqn4gOd+5E5DpAWRA
DA:132,0,2M+BNvUBb7sDBUGkZypToA
DA:134,0,6AtMUe+qr1JOJiewQYwx/w
DA:144,0,MfNuC8IXbdx8l/NUqPFbwA
DA:147,0,3JjKdVqn4gOd+5E5DpAWRA
DA:148,0,Em4aC2zsrlYEV2LwJgAstg
DA:150,0,riAER69zV1vl+D1qcK5wlQ
LF:75
LH:49
end_of_record
TN:
SF:nadi/config.py
DA:1,1,gRHjawkciFUavd6j4zLvOw
DA:2,1,gGTQvjsCFZRTAK01JA8k5Q
DA:5,1,LYQ+XNBzP3tNjzhJE2wvPQ
DA:6,1,f7sQIIjvAhoH8XZFaJkTzg
DA:11,1,she0/VXTt0nbdA4R2pbG6Q
DA:12,1,hWzb6oOK0blYuxHUIX5iPw
DA:17,1,5IIXRdYktlKvdqOxEzA7+g
DA:18,1,7M94+LQKxCInGq9xwy7rtQ
DA:19,1,sQJvL5WAzEqCWwl43/7Q+g
DA:22,1,YUFp4M8IVI2BWalVSVXYRA
DA:23,1,5UH1e+nzJeFxWcxMeZRXmA
DA:24,1,GoPjK2WNgm+W+2CISeGYsQ
DA:27,1,4bJ+0TBHrxwm7O2Re80BvA
DA:28,1,7ZY1cDTdKpw26TOc/0IwYw
DA:29,1,S59FI+lORb2/9Hp91BGn6Q
DA:30,1,IpAHkPa7At22lIJZ6JeK3Q
DA:31,1,B/JqMjvO16uzECGy4ChbhQ
DA:32,1,z3fZXQX3XAhDxNaVTqyMdw
DA:34,1,HmADa1g/W1C2Vo9Wm4sNNA
DA:35,1,TJjUgC1ni6wdq2JUpdJOMw
DA:38,1,IXp63IT4f5mGj+PCmKphqQ
DA:39,1,Lthq/gC51V73q7f4aatL5w
DA:42,1,G6Mk1f3CPl/TKkzIQRtokA
DA:47,1,r8Ro4lGE1Gvy9avorzk3mg
DA:48,1,7bKIdg1zsCcNiD16eTn+JQ
DA:49,1,t56MP5YZ4P7el0MePQMATQ
DA:50,1,YOTpe+ibxHHBruhA3rEt9g
DA:51,1,GTwwN4rkuouHflneGSsyiA
DA:52,1,ef0pco6YpjHsEnZyFl6SDw
DA:53,1,owvv6glXL719Uc0obVDIow
DA:54,1,BKX8edhsIW6KWIQzXv4MpA
DA:55,1,g1Wy9XUOMn9oQpQE9Jbl8g
DA:59,1,6c3EaZFXXRcbpCVWP4cKdA
DA:70,1,Nnqu9X+lU2lagW39QNhFWA
DA:71,1,QzuUcMFKxhLdCeEoFgIiPQ
DA:77,1,Nnqu9X+lU2lagW39QNhFWA
DA:78,1,3aiZ8O4Icvo0iZKbru+6tw
DA:7,0,y2X25Juq1O14ec3lDqjnNw
DA:8,0,aXAM6fthCd7Ig7x6+L7TxA
DA:13,0,inIWFQVucD5wxaQLrm1mOg
DA:14,0,aXAM6fthCd7Ig7x6+L7TxA
DA:36,0,vZBW+/5Sw4hKiIus/7G3dw
DA:40,0,vADNJwEx/SVy1hFcFGUnrg
DA:43,0,B/JqMjvO16uzECGy4ChbhQ
DA:44,0,z3fZXQX3XAhDxNaVTqyMdw
DA:72,0,ZYTywcuMzEMa+ebSmYbJDw
DA:73,0,PLgFd5rHBK9jmSO1lihfSQ
DA:75,0,c13UuNOKIpsvCPzbUGEn2Q
DA:79,0,epVDipMaakWTsQnwjeYplg
DA:80,0,w1BcohAsInhgOw98szRdoA
DA:81,0,C4YcdHIfcnzJzb/dZt+vxw
LF:51
LH:37
end_of_record
TN:
SF:nadi/input.py
DA:1,1,gGTQvjsCFZRTAK01JA8k5Q
DA:2,1,nP6ZUmtRijuAzlwGFNc/xQ
DA:7,1,8OJ3HNx+AnUh41FtX/x4aw
DA:8,1,KsomOmKflIWwtfxxyzavHQ
DA:10,1,p7hNY1S5rX9QtYADf+cK4g
DA:11,1,IbblOrezB3wnprwaAYNOSQ
DA:14,1,O0LhQddkIXTy7UOx4bN2hw
DA:15,1,4LgMgWBGno1n5MNJ8WRFsQ
DA:28,1,iuskDbek60jfQU4wY1keEA
DA:29,1,4LgMgWBGno1n5MNJ8WRFsQ
DA:44,1,xbmqOSi1bin8Ov3roJHjyA
DA:45,1,hWzb6oOK0blYuxHUIX5iPw
DA:50,1,ar1Y16fHjov72YH+yXjCdQ
DA:51,1,GMOUOj1pt+8ZtHwaRvfIAQ
DA:57,1,jVG7FYPM9NLS+DcspiIxOA
DA:71,1,Jc7aAgO6Ez9hrsD9/yjEfg
DA:74,1,HmADa1g/W1C2Vo9Wm4sNNA
DA:75,1,VCnCGKJWJcPUS09iQImJHw
DA:78,1,p3yMORmDNnFVYHLOCuVxQg
DA:79,1,YxAPl71mhWzB7Jhaa5pi2Q
DA:82,1,63t6FmlGdfBhZ18uCLw8ig
DA:85,1,8fNYSe+29O1wHnDdJ54Q7A
DA:91,1,2oyCyaYio1/+Ui1KKxrOXQ
DA:95,1,qSAKKFDTol952yRvwFe50g
DA:96,1,wuSzETKKIExV7yuJrT8JhA
DA:100,1,63t6FmlGdfBhZ18uCLw8ig
DA:103,1,HmADa1g/W1C2Vo9Wm4sNNA
DA:104,1,uNykXSgTkaalc5EfEHHWbw
DA:116,1,HmADa1g/W1C2Vo9Wm4sNNA
DA:117,1,fzVRgeXw8sqsRFz0mnqDxQ
DA:121,1,HmADa1g/W1C2Vo9Wm4sNNA
DA:122,1,kdZYpHVltU/wjz/iPS7JOA
DA:127,1,SGaVxpLPrP9YEIhy/EB7qA
DA:128,1,wjgncMZCnjiG0F0Ksutfcg
DA:133,1,vjpt6FN+0d1f9GCqTuL8kQ
DA:134,1,DlHLCa8I9sjCiUlUcJiEmw
DA:21,0,rfRxBgN4aUsBSKIaJ9Piew
DA:24,0,tIFzMvimUC4cROlOZQZqKg
DA:25,0,aXAM6fthCd7Ig7x6+L7TxA
DA:35,0,rfRxBgN4aUsBSKIaJ9Piew
DA:38,0,V+zALM12BRnqaRukZc4Deg
DA:41,0,aXAM6fthCd7Ig7x6+L7TxA
DA:46,0,wuSaEHfl7zF8NFtTtkRuzQ
DA:47,0,aXAM6fthCd7Ig7x6+L7TxA
DA:52,0,kjm/wpLvV5Y4XyzgDUC/Qg
DA:53,0,Xn5thGvIV7OIU1il7YE/pQ
DA:54,0,zqnx+UFNnCs7hXFPr4NTUg
DA:55,0,eb2+hJrWBoGFpr9gT8XhYg
DA:58,0,xjcDBnSwra0OiNOAYAwoHA
DA:59,0,jte8Ki5sBLNKtFcphzMtJA
DA:60,0,GMpXcZmF3xKJ4E7HzbRigw
DA:63,0,sCkIRb1YUXb1ojRTbhAHQA
DA:64,0,wAhNBYKQDx7dWC177ho+ig
DA:65,0,1UzMzBFGYJYnDQtRNiRiUw
DA:66,0,QAjqHahQM/4uQiq20W/kmA
DA:67,0,AzQT4nRGFSyDUcPIvZlgjA
DA:72,0,JBqJCsIqBOGm1mYuauWjjQ
DA:76,0,5Nkl4G6mcMvFJMNYu+l7og
DA:80,0,wCYZFlqvlxRLj+0Nr4yH+w
DA:83,0,B3QXkrUj4P9JamGuu7wz0Q
DA:86,0,04T7sfP3CjoYcCejbs7HHQ
DA:87,0,AjJnS/x6V9WvF9osipR9Sw
DA:88,0,x+WRr+YIwLIrPVU17oVWdQ
DA:89,0,XyozfUz3qq5Op4JHJKTs0A
DA:92,0,Ji/6Fy+fPLehjOiYlcI1eg
DA:97,0,OtNTX50sdibaLx7s6AKQBw
DA:98,0,fz24uBzoj/CyogasW4PM9g
DA:101,0,JRTrw4J/xupfAC/lp92/Ew
DA:106,0,8TTlOnD5g1JizCA+GJ9vAQ
DA:109,0,tMEyGSeOKbDZAg5WJiu3MA
DA:110,0,r56zuy22ibDbjZUg55FqKw
DA:111,0,4dIk+ZJ251Kxt2s2oTmN/A
DA:112,0,rUjAgO6TbRtJLIeAO4hsLA
DA:113,0,x+SgxJIuhnZ7FdxVe876Kg
DA:114,0,1LIrNhduwKJ6rO+lLV84UA
DA:118,0,zYzTSDUMazIMA4YyqPLX+g
DA:119,0,3fHMDHjDn0K5udZPTdtXVw
DA:123,0,m0q6b4TmEztsnjw9LEBd5w
DA:124,0,gQisJoj6hHoS6qeDi62xKg
DA:129,0,1i0HgI1smz+cKjYk6vnY1Q
DA:130,0,onyoNhx8HZo6sN1gWD698A
DA:135,0,s1lNwl1lUboYcj5Ndkrubg
DA:136,0,ojN4OQnCRHV42dlFQzfZvA
LF:83
LH:36
end_of_record
TN:
SF:nadi/source.py
DA:1,1,ac+30c2PVfQrSrwazph9Lw
DA:2,1,cyS8rLvneU6tpQ8SH1GRFA
DA:4,1,nP6ZUmtRijuAzlwGFNc/xQ
DA:9,1,nSv8PbKnRa5+/CZ7Uxnq1g
DA:14,1,uGkIMCfEWm8JlwPmr8ZMjQ
DA:17,1,/J1tIkUvbd66pipjO1IYyQ
DA:18,1,HBwCXTZ1wlAg7ZtrNgw4fA
DA:23,1,HmADa1g/W1C2Vo9Wm4sNNA
DA:24,1,8ZE2twMbzfcs0B2+SikHew
DA:27,1,HmADa1g/W1C2Vo9Wm4sNNA
DA:28,1,1NK/sTz5pVt5ZeX02TBepQ
DA:31,1,HmADa1g/W1C2Vo9Wm4sNNA
DA:32,1,BDi1Mb0zqREKRbr62MP0ag
DA:35,1,K8135LFMg2TShN5owT55KQ
DA:36,1,jDW2/jfTRWgkOaumxTbUjg
DA:39,1,CPxmftA+O9xfyEqcQdI8fw
DA:40,1,zFOfM5QiBIadZdzxHl+LLA
DA:43,1,D7j0nBNxnbvadG+rcP0G8A
DA:44,1,IjnkzZefPj5neZSQgzHK9Q
DA:48,1,Vt5O9l+ixVZ6tA0wFse3JA
DA:49,1,uRcuTw/rQfAOdMfheHvdOQ
DA:51,1,HBwCXTZ1wlAg7ZtrNgw4fA
DA:55,1,6vJQg6V7NauUKZdx1TDxBg
DA:82,1,uNM0qMuK6lTCQB7wOQh1Ew
DA:85,1,yk6x/92DCzxGnRAv+hFGBQ
DA:103,1,/407pjn5SB9aATngfAwVTw
DA:119,1,HNF7bDSwH0VJ+PEprVzkTw
DA:125,1,+cdxeu+nQRkUqifEGT7zWQ
DA:131,1,Im1xJfWkvETUiLi5MAvn3A
DA:134,1,QPXchRD0lJbHbIQCO+FbYQ
DA:138,1,LB55azKy4rRwpWR2M9O/BQ
DA:19,0,cPLr5PufBIvbuaTkmnR/RQ
DA:20,0,a3ahFrqaGoZvv57cay0E0A
DA:21,0,S915maVXXNZAU+hNxvvmzg
DA:25,0,YZifJ52wOt4wILvKYbnSPQ
DA:29,0,TyMgm5JjqYQkxZvo/7srHw
DA:33,0,DlVDyT5uLWTMJnf5SaAyLA
DA:37,0,1xkn5tNAtUjTNBLA9QI4JA
DA:41,0,nmUfEdWladYPVDzZemJ9nw
DA:45,0,viJHaLG2GtP07QVAwY87yA
DA:52,0,wUVxm7HznxWruU5FZKsK5w
DA:53,0,p1YhS8wQNwhdSwwwZl58uQ
DA:61,0,bvGhjlOlurTrxEjB0vtvmA
DA:64,0,d3ZAsbNe0TYGdPSYAPqRQA
DA:70,0,OQxGzeV3/G8Cr8KlPvxBkA
DA:74,0,3pqafCewNkfaq4d0WgC33Q
DA:75,0,v0Qp2NzTx59JG1ynvEtKEg
DA:76,0,ZbdIlBwWA4+hhvI78XXZOA
DA:77,0,JLHH0KZ2IJSI3jZUe2PCVg
DA:78,0,R93QG5LpPFZjFvGLcC3V+w
DA:79,0,kjtbxx06GOPtDfgObgghxg
DA:80,0,vTT3ZJHYV0jQdMH5a5gzXw
DA:83,0,2kKQQ8uD2JWTMujQOUMNrA
DA:88,0,ej60MyFUpa8PD6YM9TrafA
DA:89,0,a64J1XHkHh/7UyFD4Gcgbw
DA:95,0,sCPr9o9VSdAeGVKphexT0w
DA:96,0,QAjJg5XerWy9bdCUyq1UyA
DA:97,0,ko5mAbU8hhOkCL63oIgBxg
DA:98,0,q++Li9L+/K6QH7lKB6/JWQ
DA:99,0,ukvOAOYcM5Y3a7r0SJDoaQ
DA:100,0,O9AM+YaWXxur8Vxv7wgL+g
DA:101,0,bILj4pY/pxwJC6+WfN+YlQ
DA:106,0,y05Tut8mJ7gB5PepfVCoMg
DA:107,0,SmBZpuGH4+0kfM75CuHsTQ
DA:110,0,aHmsOWHwJ9VF8QsYppLgGQ
DA:111,0,C84D/f82ctFFLnpCGIrQ5Q
DA:112,0,/cmhzTHGvVJhh1VFlcaTkg
DA:114,0,flnGMol4ZWgLCS4ExuZj8A
DA:116,0,OmlRY9Q5qhS3Va9lCrxAeA
DA:117,0,CxN4IdmsayOzmoFXN3t4zg
DA:122,0,ej60MyFUpa8PD6YM9TrafA
DA:123,0,yjoqEBP5QF4IWYDg/ZuNyQ
DA:128,0,ej60MyFUpa8PD6YM9TrafA
DA:129,0,MXBWUoVidaAWQivJjuZURQ
DA:132,0,C2u0psue1q2uoOOWEQilDA
DA:135,0,23/PAwLeN+caUL0bZtoO1w
DA:136,0,0BpOwEiwq5ErLueXpVm3CQ
DA:139,0,Rz50Y5PSPvDlHoBZlizbPw
DA:140,0,8d+hS+kh4rUhksdqnEb0Ag
LF:79
LH:31
end_of_record
TN:
SF:nadi/stream.py
DA:1,1,Nf/dQDXNBO4gl+IkH/yMhw
DA:2,1,7BDgeGgD2k8/W2hmEWF/3Q
DA:3,1,+gxJOtWmnXr9uXUWumxiWw
DA:4,1,gGTQvjsCFZRTAK01JA8k5Q
DA:5,1,m4ZO7/1mx2HFEsflKvXtKQ
DA:7,1,8Lb3aOXUoAvZtdn5P+Pjkg
DA:9,1,8OJ3HNx+AnUh41FtX/x4aw
DA:12,1,GbOrlybEbSOs6PPWfwRYig
DA:13,1,CfmXXaq8iqgXAWNKQ6v89g
DA:18,1,gl44yYxsQJLbktDIjC8XmA
DA:19,1,stAr+FQkw08lHGC2oeBVgA
DA:26,1,/o15C732CpA5fMo6wi+CMg
DA:27,1,z/eXePOlvFbgXEI1zcoLGg
DA:32,1,EesLhPTaomrKW4tYVdMtKQ
DA:33,1,z/eXePOlvFbgXEI1zcoLGg
DA:39,1,Nvmg2JRlEErbBAKqpAEeNw
DA:40,1,z/eXePOlvFbgXEI1zcoLGg
DA:46,1,XfNdekso6gbbNy4RLgIEcQ
DA:47,1,4LgMgWBGno1n5MNJ8WRFsQ
DA:62,1,HmADa1g/W1C2Vo9Wm4sNNA
DA:63,1,A9HMwG7r40EHF0baJ61dog
DA:66,1,XoVUOkRyu3PGO4dLV1agZw
DA:67,1,mEwFwudzjYCKe+ldIB191Q
DA:70,1,lPYrOdHQE1XoZ8X0kNMFPQ
DA:75,1,fr7nJuqgDsZndQ38fRUYlg
DA:80,1,tw0HfihQJKwfxlohn3y8yQ
DA:90,1,AbiWBxLAm1H9esKX9O8yBg
DA:93,1,H91uocwdDCrStyYebZqWvg
DA:100,1,ePE1qX8swqRRX+1+L8TPJQ
DA:107,1,YyPj+j4MMl9QFpFTu9H49Q
DA:108,1,HBwCXTZ1wlAg7ZtrNgw4fA
DA:111,1,wfyPZl2TElCV9MrcchJpKw
DA:114,1,AbiWBxLAm1H9esKX9O8yBg
DA:118,1,pJbHzj+6gRkr3dadVPpzBw
DA:123,1,2lbZPAb22sc0QzK0sKBU8Q
DA:128,1,+hr+6+FhGZpXhUdh/xDJdQ
DA:133,1,GOO9yY5NrM1nIjVgeyDCOA
DA:138,1,gdQffEWcH5wHG8dQpR+mrw
DA:142,1,Y4UEhpAcIIT9ARobqq12Hg
DA:143,1,4LgMgWBGno1n5MNJ8WRFsQ
DA:169,1,inrZYcM01nXfjjBYhuclxw
DA:176,1,pJbHzj+6gRkr3dadVPpzBw
DA:179,1,2lbZPAb22sc0QzK0sKBU8Q
DA:182,1,GvK0UUlsslC8hvImo16AKw
DA:186,1,mEwFwudzjYCKe+ldIB191Q
DA:208,1,OBwQsseJo5E+rtniYSAVcw
DA:211,1,HmADa1g/W1C2Vo9Wm4sNNA
DA:212,1,WOt9mWZMZq6EgUK9cGYw3Q
DA:215,1,HmADa1g/W1C2Vo9Wm4sNNA
DA:216,1,A9HMwG7r40EHF0baJ61dog
DA:222,1,HmADa1g/W1C2Vo9Wm4sNNA
DA:223,1,E0VR0ixYUAMSGSwb8hhf1Q
DA:226,1,HmADa1g/W1C2Vo9Wm4sNNA
DA:227,1,jaywbWk20YOD+E1Nw/0WtA
DA:230,1,H91uocwdDCrStyYebZqWvg
DA:240,1,ePE1qX8swqRRX+1+L8TPJQ
DA:14,0,UqjOvcoxPYYZ/uh3dYdzkA
DA:15,0,aXAM6fthCd7Ig7x6+L7TxA
DA:20,0,V+zALM12BRnqaRukZc4Deg
DA:23,0,aXAM6fthCd7Ig7x6+L7TxA
DA:28,0,MvNLgQ4PDbjbVD40kZ/fMg
DA:29,0,aXAM6fthCd7Ig7x6+L7TxA
DA:34,0,/IpVBwm9d9mZhxS83GFtdw
DA:36,0,aXAM6fthCd7Ig7x6+L7TxA
DA:41,0,WIW1UhvOmuPaBpaBHD/uvw
DA:43,0,aXAM6fthCd7Ig7x6+L7TxA
DA:56,0,BK+foMhfUltpwhLaXPLX4g
DA:57,0,kfpELUG4/noaPLXw0bUvAg
DA:58,0,bKVT6xai6lOnhS+2m93S7A
DA:59,0,5ROGgDef7+b1wzCM3zzPxw
DA:60,0,abb7WPKJNWf61exdau+rYg
DA:64,0,zl1rFSYAKDKdsRsH+EJTcQ
DA:68,0,wWvyVCzDRWfTVXhFZNNl1w
DA:71,0,p3knd38s/Lrw/rJWSPV4Tg
DA:72,0,y2v608KcoN/fLjIPgWxtoQ
DA:73,0,ckyEq6gkelBOqlSwCeFa7w
DA:76,0,miOuj9VgzC9Q/UIy0h71cw
DA:77,0,Fw3QYhz6SBKKgjHqCPa8Cw
DA:78,0,4g9fk6CNE4meSIEpJKo5dg
DA:81,0,Txe1h6mIIdkX2zJg5wxUUQ
DA:82,0,Mb5xtVZGiHRXgnbnY5Zq9w
DA:83,0,23ux4xZP5zFQCET5jOmVmw
DA:84,0,oUCGxuu/Pd2BcrVT3HZP7w
DA:85,0,xjcDBnSwra0OiNOAYAwoHA
DA:86,0,mf+3nFfkvhoIbZmCG+qu5Q
DA:87,0,QAjqHahQM/4uQiq20W/kmA
DA:88,0,UPzKPrVXu1Wc+BArEUV5iw
DA:91,0,9ORe/TYMX+NuoPT+cjzcsg
DA:94,0,xD//Fkn+kpQyWk8pVb3isQ
DA:101,0,xD//Fkn+kpQyWk8pVb3isQ
DA:109,0,IkRSNqf9RsCsr/BMRQYpSA
DA:112,0,nxQe+Ar1WwMEdu0qN4kNJA
DA:115,0,jDBlKhFjpFiXLuFWO6jaKg
DA:116,0,tViWAk+pGkgprUkFMuiSOQ
DA:119,0,jDBlKhFjpFiXLuFWO6jaKg
DA:120,0,JaI5VZsvTDhFCAaF6bztWA
DA:121,0,89OZVdL/ZWhyd72ddJ6L2g
DA:124,0,jDBlKhFjpFiXLuFWO6jaKg
DA:125,0,JaI5VZsvTDhFCAaF6bztWA
DA:126,0,2Gv0paYkmE3KVr2SC2SbkA
DA:129,0,jDBlKhFjpFiXLuFWO6jaKg
DA:130,0,UUW+bMLS72lV4/DxjDEjMg
DA:131,0,BKHV2zErwmyH3mAeEdOwpg
DA:134,0,gFxQ44GURTogx6M6BzKuzg
DA:135,0,F12ocTFWKAFPZdQqIWi+PQ
DA:136,0,uydv/i1gOoLMvycNIu3hHQ
DA:139,0,Key40ywCaK1V+x7u9WzgpQ
DA:155,0,e7JGPQ/fHquKSxaFrFV7eQ
DA:162,0,1p7DgiNhggWK/9NysowgUQ
DA:163,0,F74/Chj3QPGN9PCBFL2y/Q
DA:164,0,MQ1UkF4EgQ3Gl7R51yL3rQ
DA:166,0,nPzNmNioeGP/FJfWFgfmnA
DA:167,0,ImJQFDl75MckuWmvQBE+Dg
DA:170,0,xD//Fkn+kpQyWk8pVb3isQ
DA:177,0,K0lufxqSPoYVKBzkQAzl1w
DA:180,0,SaVpZo5aJ3WoVzo6Xbg3bg
DA:183,0,UL2xrXb91EH7MbSLWdbJ8g
DA:184,0,GC5VJzQsSJ4+mNYzG5zNNw
DA:187,0,DvBV0wvn3yIJNYAXCiLusA
DA:188,0,WE6lAqkx/cjgqx+LXbdnrQ
DA:190,0,tOWvPYho2RxW5GsEixdFKg
DA:191,0,Ol9UOOWorH30RERvLZqVYA
DA:193,0,bxVaeWZn1maCQLfRN13L4A
DA:194,0,rAgzvKaUlAtc1TFpufSxig
DA:197,0,xjcDBnSwra0OiNOAYAwoHA
DA:198,0,uhfdTzhWBPBEGrw9rtTMFQ
DA:199,0,dlFXMVL4ixRg/O2E4VLJWQ
DA:200,0,rAgzvKaUlAtc1TFpufSxig
DA:204,0,rmT5nkYhfz9bXZZcC61zKg
DA:205,0,WuUnUZj8Q2rEx30mgITPlg
DA:206,0,1S5wq47fNiXY865B97RHHw
DA:209,0,W/g8GJDAYJkSSurt59Mzfw
DA:213,0,A/TRqrjhNjxxOuDxe5BBJQ
DA:217,0,xD//Fkn+kpQyWk8pVb3isQ
DA:224,0,zl1rFSYAKDKdsRsH+EJTcQ
DA:228,0,zl1rFSYAKDKdsRsH+EJTcQ
DA:231,0,XWvIpEijXajKihG+YkIO+A
DA:241,0,Pcq7vtxBfGwqv89rRzz6WA
DA:248,0,RKXDRPENYGvBO0NsOF7rFQ
LF:139
LH:56
end_of_record
TN:
SF:nadi/util.py
DA:1,1,lK3uJHPXkJ+aevr4giX/Iw
DA:2,1,gGTQvjsCFZRTAK01JA8k5Q
DA:3,1,uwEzPucgcgqbTZpNeJSUSA
DA:4,1,xeS1Kr2q4UFK02oVe5jNIw
DA:7,1,uxVGMuWBiD/qUJOMED5Yug
DA:8,1,KxgaGtJPkScc4OG7mJ59vg
DA:9,1,k6d9Mbdm+Ul+pHDIn243Ig
DA:13,1,KxgaGtJPkScc4OG7mJ59vg
DA:14,1,9BsfQbfNPHzvvY7AzAfhvw
DA:17,1,KxgaGtJPkScc4OG7mJ59vg
DA:18,1,Dt39GxxX8eoxwwUYmuVN0w
DA:10,0,VKvr7bZ48nuXmMUSEOz0nQ
DA:11,0,nKURRbOTRXqRqFpldCo8pA
DA:15,0,2TXal8ZJP1DJzpsauc/vpQ
DA:19,0,Nktn/7uuO7YInOooZpWYBg
DA:20,0,R+8InUbBHLa2qQoc7tpflA
LF:16
LH:11
end_of_record
TN:
SF:tests/__init__.py
DA:0,1,1B2M2Y8AsgTpgAmY7PhCfg
LF:0
LH:0
end_of_record
TN:
SF:tests/test_cli.py
DA:1,1,3ijn/dNPscvvyHsHyPyRcA
DA:2,1,RwfweThRBBlOFtG5lSQmAg
DA:3,1,GihRdo20l14REmB1kKmbSg
DA:6,1,u8ogg/lucOV1Mg8wDE3Lpg
DA:7,1,BOPBjnQ+79Jl7NWU0MrHog
DA:8,0,C7fHgrONb2ucE+OIOf1aUg
DA:9,0,Q7xhoNLqugWVuKN0LA9ODw
DA:10,0,2bf/upafVDaludWxVUpweQ
DA:11,0,6vVANkLdrYokWKYHskmulg
DA:12,0,qoXUCbhSD+W+MwQtxcJmUg
DA:13,0,0TiPEsJO6QpHanxBe9Oncw
DA:14,0,6vVANkLdrYokWKYHskmulg
DA:15,0,qoXUCbhSD+W+MwQtxcJmUg
LF:13
LH:5
end_of_record
TN:
SF:tests/test_config.py
DA:1,1,3ijn/dNPscvvyHsHyPyRcA
DA:2,1,UW3EscKs7toDHU70v1LAKA
DA:5,1,sESnBtipdQjSnbZ8vTl0IQ
DA:6,1,BOPBjnQ+79Jl7NWU0MrHog
DA:7,0,xo65h7uwFBUgSFWkymJFqQ
DA:8,0,nQ39QpepIbcdvaGiptEqgw
DA:9,0,r/S1m2sz2X0CxtS0+ehSNQ
DA:10,0,9M/Pf+aLtF4UussQ7QKd4A
DA:11,0,m+KNRF7cwDbEFq1H6VlE5w
DA:12,0,wHt/ratd4mqWDjt7I2HLFg
DA:13,0,8oW88VFOPyveRthqRuyfzg
DA:14,0,xQsw0V5zgKzJliXkSrxkfw
LF:12
LH:4
end_of_record
TN:
SF:tests/test_input.py
DA:1,1,3ijn/dNPscvvyHsHyPyRcA
DA:2,1,UaFtnuJEx4Cvy+fxVn1gkA
DA:3,1,nSv8PbKnRa5+/CZ7Uxnq1g
DA:12,1,LgMEp/BcLr1jeRnGo8D+/w
DA:13,1,7Z9Lj4ed27Wf2hBX6jooEA
DA:16,1,UKdYWK6pyw0bjwFzeim0Iw
DA:17,1,+zCUGJwzIeqMu0JY2ylBSg
DA:60,1,BOPBjnQ+79Jl7NWU0MrHog
DA:87,1,uhkCdmv6Lupa85E70NgyIQ
DA:92,1,vwTMnvpLapVd7bpdyscsww
DA:18,0,Qn2SVcQrbrx2eJAEJbmtsg
DA:19,0,fuAZGSsClCE/0eoLKOp4XA
DA:26,0,jAH0u+Kg+OmgTh1rFmYorA
DA:27,0,5FSWBRDslR7UZuS33UHqig
DA:28,0,IIcpLQgK6lG/3HIBkAAOsg
DA:29,0,LIb3ZSDfHoDyxSj7PbSuYQ
DA:30,0,t3Q79gvQavfp3BrOpRnSRg
DA:31,0,+IyyOUVM+5XWcPwFk1i3hA
DA:32,0,qqjwPpi4OKoOKNaQ3quJ3w
DA:33,0,v27nPrg8Jl7gghMuFvv3+A
DA:34,0,B2MwdycRx4bnq98HPUbZHQ
DA:37,0,UfWqJIAwI6ET+GStZqv/9g
DA:38,0,yfI7mgMDshK4v2aqicYGFA
DA:39,0,vx8ALxL3oDAeF8YfEv9qCA
DA:42,0,s1M1PP0V2iROVomu9kzsGA
DA:43,0,N//cujKNNKsrSNpI/AjHDQ
DA:44,0,EWBi5Ac0wWgmJHTGNugdCA
DA:47,0,nK7DOscxEo3O/YhnL2e3ew
DA:48,0,+8iUkZuIy5YE1v+7F6yaUg
DA:49,0,4t6c43rBjcQUwpmDeWpzSg
DA:50,0,gFePClZ35zF9NoEZZfQYCw
DA:52,0,nK7DOscxEo3O/YhnL2e3ew
DA:53,0,eaq5VToQETsYzIHDubfZ2A
DA:57,0,bvy0u1O0ViSOgw8GbCbAkw
DA:58,0,f02NT1jdaM4DOY67vczhYA
DA:61,0,zJjl5TwaI5g25NpgD65Cjw
DA:67,0,13qpceELVAsWfr0s2opCXg
DA:71,0,bG9crvZupaGJjjZ6S6wOrA
DA:73,0,wFomMgMsrjdTEbxtWxL8pA
DA:74,0,0VKw40pkb3eS7xinnIVLdg
DA:75,0,kVxpOEQRimDZfZamMVw1sw
DA:79,0,lolm7smVVDq1/PAO8nYLWw
DA:80,0,tdZDdCeRx6CKL23WoSlxTw
DA:81,0,P+1O8uEiSXY8TofILVlnAQ
DA:83,0,N2xdcy2/CAA3xduySE6uPg
DA:84,0,lobKQnSsRDR70FvgZN7L/A
DA:85,0,xRHu1b8AFnjR9ECHinAwiQ
DA:88,0,Qn2SVcQrbrx2eJAEJbmtsg
DA:89,0,66al+g0wF38s2FZFVZurTw
DA:90,0,+07MSwpPsA03n7KA/ybKmQ
DA:93,0,Qn2SVcQrbrx2eJAEJbmtsg
DA:94,0,SwSjA9m2oiC8Cd4Tu7pjkg
DA:95,0,/rWzY/SRwkXHDHBCd3ogxA
LF:53
LH:10
end_of_record
TN:
SF:tests/test_source.py
DA:1,1,3ijn/dNPscvvyHsHyPyRcA
DA:2,1,5BsEHgCtqa44I9ezQ7GT3w
DA:3,1,xbN0PkUiHvNUkU8ErBeZyw
DA:4,1,vmkNVOA+9+b7xs0jwtj34g
DA:10,1,0nb1a2j6PV0uVymIrW0m2w
DA:13,1,90UY5xFKhh5PbXLIj7EQeQ
DA:14,1,4LgMgWBGno1n5MNJ8WRFsQ
DA:37,1,OBwQsseJo5E+rtniYSAVcw
DA:43,1,x44KtGSmN9eblyiSZcbeMg
DA:44,1,Mt7RCIAebcHwKS4Md5Jv7A
DA:45,1,1UwuQmd/JNVPfN8z0UeIeg
DA:26,0,e7JGPQ/fHquKSxaFrFV7eQ
DA:38,0,dw2bafiXLZftaN/BL4JfYA
DA:39,0,6E35Tou9YhlvRJJRyyEQng
DA:40,0,kgE3r1V4FrKVX+Kv7lZeEw
DA:46,0,HhLzOD+F/l0UcSWUUyNLjw
DA:52,0,HhLzOD+F/l0UcSWUUyNLjw
DA:58,0,HhLzOD+F/l0UcSWUUyNLjw
DA:64,0,6abYCIiOrqU3d9qOc2iwzg
DA:65,0,LmMtB7UT6XvZBOjAUyWhqw
DA:68,0,LmMtB7UT6XvZBOjAUyWhqw
DA:79,0,xsYkIanZp9IOwNZXDEDpjA
DA:80,0,hZ96+ByxYfAy0t0i+3afPw
DA:82,0,r2dYDCSzS+feUMF82jYt4Q
DA:83,0,TNqDdIlguOgqmQcwBCZOrg
DA:84,0,d/6hyg2cEt5/Q/HAj5Oh6A
DA:88,0,B2MwdycRx4bnq98HPUbZHQ
DA:91,0,d/6hyg2cEt5/Q/HAj5Oh6A
DA:100,0,d/6hyg2cEt5/Q/HAj5Oh6A
DA:105,0,d/6hyg2cEt5/Q/HAj5Oh6A
DA:124,0,d/6hyg2cEt5/Q/HAj5Oh6A
DA:132,0,d/6hyg2cEt5/Q/HAj5Oh6A
LF:32
LH:11
end_of_record
TN:
SF:tests/test_stream.py
DA:1,1,3ijn/dNPscvvyHsHyPyRcA
DA:2,1,0nb1a2j6PV0uVymIrW0m2w
DA:3,1,UaFtnuJEx4Cvy+fxVn1gkA
DA:4,1,vmkNVOA+9+b7xs0jwtj34g
DA:16,1,UKdYWK6pyw0bjwFzeim0Iw
DA:17,1,L7CGpsPSWUJAexogDd6Mlw
DA:79,1,Mt7RCIAebcHwKS4Md5Jv7A
DA:80,1,CdnAPBUpGbb8Y/zhfzR7ZA
DA:158,1,z3ypWhsVLA0GPexnJgqyTQ
DA:18,0,egsPkX1iXI8B9+1pPgTYSw
DA:22,0,WK75ht+q0M9sbaOxdcoTcw
DA:24,0,7MBQv5kbKlYKP7d9GsuYOA
DA:25,0,ndfGehNRKP7SeWZqFeAZUQ
DA:26,0,Xe3BcK/kEkPn7+8LBw//VQ
DA:27,0,/bzQALFkvuIzILp9Rbq/UQ
DA:28,0,qBB/3IMBh2BpBzRzMsOBhA
DA:29,0,Bt9+0gjhXjsy+tnQekcmjA
DA:32,0,sXI2DUR0no8gfppeilhotg
DA:35,0,6TpGvosfkPoJasPOhA54Bg
DA:36,0,eluMC1HO3izcRhiOSnOCtA
DA:37,0,d/6hyg2cEt5/Q/HAj5Oh6A
DA:41,0,fxR4ZT4sZptaDFvg4XrOpQ
DA:43,0,O0P2hSdi8oYbZq64/gacbw
DA:44,0,Dz2gRaxvUIqpA6tMWG25lg
DA:45,0,d/6hyg2cEt5/Q/HAj5Oh6A
DA:53,0,d/6hyg2cEt5/Q/HAj5Oh6A
DA:60,0,5G1+6sH7VNehnGtB/HKocA
DA:61,0,Fycvus4HGfv+oUuKys1hTA
DA:66,0,qg4KTof0Ay1guaA2XzL38A
DA:67,0,6xSal62iPNil0gWOZsEN3g
DA:69,0,nK7DOscxEo3O/YhnL2e3ew
DA:70,0,eaq5VToQETsYzIHDubfZ2A
DA:74,0,9NBunpH3EjUPc6j+MMoPEQ
DA:75,0,7ShOpJNeUw+97BZunP7nsw
DA:81,0,HhLzOD+F/l0UcSWUUyNLjw
DA:87,0,HhLzOD+F/l0UcSWUUyNLjw
DA:92,0,HhLzOD+F/l0UcSWUUyNLjw
DA:99,0,29iXAiBixz+2QwKHIePHAQ
DA:105,0,l90trSlrTDQxxGUtzBZsFQ
DA:106,0,lbo605duaoRqLT/s2bQLzQ
DA:107,0,f6QF4e685YT86+f5FgUNBA
DA:108,0,t8j65NA53lmuboU/nCQ3vQ
DA:109,0,owaaxHkKg7+pV5usiZjj9g
DA:110,0,/fV9too6lE1glOr38r18/Q
DA:111,0,SYMofZ/Z5VTC7Pg85HhJBw
DA:112,0,H8dnkup2z5P/JgQh1t/nuQ
DA:114,0,d/6hyg2cEt5/Q/HAj5Oh6A
DA:125,0,d/6hyg2cEt5/Q/HAj5Oh6A
DA:130,0,XjbrEHdbg2hm3bgFpnmtFw
DA:131,0,loqAMhIhgT0H/B4CsTsgIw
DA:132,0,cRoi4nTBOiPldkfxSXurrA
DA:133,0,jdid6+hfsKJJA1J6BgaN6Q
DA:138,0,+C18acezXSl5/3lYi4SLuA
DA:139,0,oul67nPDDHQeg4804qfAUA
DA:140,0,qbBw2rL+2hudrpoeYsaf7w
DA:141,0,ROlzCgeb8oGgM2fS+eZW2w
DA:142,0,1WopkJ+aGpBuGdZBx/xghA
DA:143,0,ROlzCgeb8oGgM2fS+eZW2w
DA:144,0,tC/qB1IjzyUBTgSp9FWXeA
DA:145,0,CcN3SHrSeqXVy+IDyFZzpQ
DA:146,0,qtyrIWNa56AymfGtnpeCbQ
DA:149,0,dMOGhS9Zo6d/kNnhfXbvsw
DA:150,0,rZ6dIsDpstSs+wBSOEbrtQ
DA:151,0,Iz13xaiJrv8mCBriZxnBTw
DA:152,0,0WPSCO9siiocLUQYgbPeyA
DA:153,0,ntyth5tw7+VmYBclX9lNWA
DA:154,0,73Gip6R0k510rQ/6QrgtUw
DA:155,0,gqWzWEt/coZ0waGvfGpxmg
DA:156,0,sqak2paWsEHqVbCWm2KM1A
DA:159,0,XMidTesuGz4tspKjAVQ+WA
DA:160,0,kCQnQW/LR5Sg2tG3YxLHHg
DA:163,0,kCQnQW/LR5Sg2tG3YxLHHg
DA:172,0,489Y25I16uYJXrOVbH+Fjg
DA:173,0,HzwQd3+AhPhwNRs6ODGB3A
DA:174,0,qfXxjzuLm6lt+LAquCLEDg
DA:176,0,1/6KVGDUBKjwVPn2iqTIPA
DA:177,0,6TyD19GYf0KK0rS+6X4asQ
DA:179,0,PNWDP3VqdqzAylUxD9xV2Q
DA:180,0,lLG0ChB3gIpRe/3SV/DQ2A
DA:182,0,d/6hyg2cEt5/Q/HAj5Oh6A
DA:186,0,d/6hyg2cEt5/Q/HAj5Oh6A
DA:190,0,d/6hyg2cEt5/Q/HAj5Oh6A
DA:194,0,B2MwdycRx4bnq98HPUbZHQ
LF:83
LH:9
end_of_record
