TN:
SF:main.py
DA:1,0,hKNd+6L2JSRTquLjQ/U1XQ
DA:4,0,Z2E48enm1POc658C1Z1gNQ
DA:5,0,NNRdzxqNnDRTdHVm38Uz2w
LF:3
LH:0
end_of_record
TN:
SF:nadi/sdk/config.py
DA:1,1,YfNjf/lR08q7la6j9dr6QQ
DA:2,1,IbblOrezB3wnprwaAYNOSQ
DA:4,1,JXvAEOHaNTcYsnRdowweEQ
DA:7,1,VYpOIlOMgHWcXBDlAzHhrw
DA:8,1,hWzb6oOK0blYuxHUIX5iPw
DA:9,1,tezgz+f5kEv0wn/4iLG0yA
DA:10,1,aXAM6fthCd7Ig7x6+L7TxA
DA:13,1,VcTFD63THtT7AJeBqZVlpg
DA:14,1,hWzb6oOK0blYuxHUIX5iPw
DA:15,1,96/cd0UpxeSe90Z4nXdhXQ
DA:16,1,aXAM6fthCd7Ig7x6+L7TxA
DA:19,1,Q2vEOnpysAnk8Ac6Lre+Qw
DA:20,1,f7sQIIjvAhoH8XZFaJkTzg
DA:21,1,HmGvShKadOdMEVy02C2ciw
DA:22,1,aXAM6fthCd7Ig7x6+L7TxA
DA:25,1,fh7IfozBpA1ptDu4iSbDnQ
DA:26,1,MXftqZH1LsUl7sZv+JS/OA
DA:27,1,5z779GlOUPSo3Ktp9gy9Qg
DA:28,1,aXAM6fthCd7Ig7x6+L7TxA
DA:31,1,m2TGRyeKxlCCYMCD0QildQ
DA:32,1,MNyZK3qdcAxQkeMrS5WpVQ
DA:38,1,qIdzCDSfmldBQHp9c6wOog
DA:39,1,4LgMgWBGno1n5MNJ8WRFsQ
DA:47,1,S59FI+lORb2/9Hp91BGn6Q
DA:48,1,F5Ux8YHRY8L2m/9kW3C9Gw
DA:49,1,YtJyXUuftPBWEfzjuSGXoQ
DA:50,1,8a609++A9mfwBkMHYz4Tqw
DA:51,1,UPqgmpy6OfkcSL2+KnR4Zw
DA:53,1,mLg1Xaf0hiGHKMcW5hoLzQ
DA:54,1,mm30DOMdXjMcdcm/twrahg
DA:55,1,xvWIcpcyNr0gyGcTkdMxXw
DA:56,1,YF6WL8DXy+OygHKjh5oJQA
DA:57,1,JKEF0TQ7J2u5KG73y4YZKA
DA:58,1,LcroTurSGkJ3ynqIwTJ3+g
DA:59,1,BorTe+0HQpcr3zDD5zth5A
DA:61,1,HV/soGxi31thNn0NW4jCmQ
DA:62,1,ccOzE8L34nTFBf/GkBlRvw
DA:63,1,o66nkZdTeVCCR1Tc6fYjTg
DA:67,1,LUO/ylv1D8HnsKqtE5+cRA
DA:82,1,odC/LcRuQHu6VBlT9kPasw
DA:83,1,4LgMgWBGno1n5MNJ8WRFsQ
DA:92,1,w9QSkExRhtb2c518FtCJzA
DA:93,1,OuIvhfov2Y7OoGoFf05Kng
DA:95,1,HV/soGxi31thNn0NW4jCmQ
DA:96,1,6JMQfr7nmcR04jYHMphQ1g
DA:97,1,3mjErxe1yXW1XfoUy1yMIQ
DA:98,1,uprd3l0J78w9m3Ok8K0Xpw
DA:99,1,o66nkZdTeVCCR1Tc6fYjTg
DA:103,1,H91uocwdDCrStyYebZqWvg
DA:107,1,tY0ahZ2jkUpnbXqRVC31Dw
DA:108,1,4LgMgWBGno1n5MNJ8WRFsQ
DA:116,1,OuIvhfov2Y7OoGoFf05Kng
DA:118,1,HV/soGxi31thNn0NW4jCmQ
DA:119,1,6JMQfr7nmcR04jYHMphQ1g
DA:120,1,idBo0kf5B0piPro9kzOFPQ
DA:123,1,ski7gq6Dc+1Kh5WytXM/CQ
DA:124,1,4LgMgWBGno1n5MNJ8WRFsQ
DA:132,1,OuIvhfov2Y7OoGoFf05Kng
DA:134,1,HV/soGxi31thNn0NW4jCmQ
DA:135,1,6JMQfr7nmcR04jYHMphQ1g
DA:136,1,LkDb46PNJ1yqwUHLi86A+w
DA:139,1,Y29CgTFW4ET24qpZtUmsRg
DA:140,1,4LgMgWBGno1n5MNJ8WRFsQ
DA:148,1,OuIvhfov2Y7OoGoFf05Kng
DA:150,1,rvZpRMWyac8Cq1jFTQcYZA
DA:151,1,6JMQfr7nmcR04jYHMphQ1g
DA:152,1,sQEloMJL0/brViUxtY5Qgw
DA:153,1,QLfSrqyOc0lEQhANqj5SQQ
DA:154,1,evxHhiegsBq6PITTLeBlSw
DA:155,1,Mq7ABILtJlRCECyTpcJgKw
DA:158,1,3MSoxj1PCOcnMP/1YyX6qw
DA:159,1,d5ByJeQw6nlZR68EenZJOA
DA:179,1,Nnqu9X+lU2lagW39QNhFWA
DA:180,1,PsZTvyBdzGc2z2ooUVxWhA
DA:190,1,Nnqu9X+lU2lagW39QNhFWA
DA:191,1,xxferIcjFwQ/WNFpZ3Z9EQ
DA:192,1,PHGh3E+N6YJN0JJp2BEs2A
DA:193,1,tiWx4EEkgyJl1tVnMGxvlQ
DA:196,1,lBUJaPUFm30jV1X8CTKTLg
DA:197,1,eeKJPk8ITuClD/3f8UKXVQ
DA:199,1,Nnqu9X+lU2lagW39QNhFWA
DA:200,1,b67GEQWgGApz5DrorQ0RuA
DA:201,1,98rQ+suS8FAnGj0SIFaBgQ
DA:202,1,q1UIX6P4xjK1iGnc7J3DFQ
DA:205,1,PJcs3VWNmW9bF6vY3UtwNg
DA:206,1,WTAzKv2hp4YGiVD0++684A
DA:207,1,ns4/ZJccSUAX9nim/VYVBw
DA:209,1,Jl/z0GKFh7kj+7iNATxRDA
DA:210,1,awBN//j1d3VC9Sw6yClCVQ
DA:212,1,5NDRq1FzrtpFTsQJz0UiNA
DA:213,1,oyg+m8YeOaPakZbF9rnlYQ
DA:214,1,S0nPR6e+VWsaOhxmYG7SNA
DA:215,1,IsLmXSgGKTTJPkDuaWzIVw
DA:216,1,x/gAn9FE29PSi5J2xs7lDw
DA:217,1,93FqhfRFzLE7TdquA6lcKg
DA:218,1,AoQuq8tfwed+8TI6eflQjg
DA:219,1,IXb0DblruWYhVVIuCXGZpg
DA:220,1,AoQuq8tfwed+8TI6eflQjg
DA:221,1,gJZMSUc1mN1FhvTDSpINuQ
DA:222,1,btcKh2f4Ka49FU0PoIpvTQ
DA:223,1,BorTe+0HQpcr3zDD5zth5A
DA:225,1,Nnqu9X+lU2lagW39QNhFWA
DA:226,1,Jy9NC9hDAIRWx5b6BMsIlQ
DA:227,1,WpfiFugdvQW9/4EU6YjM9g
DA:228,1,mWJJbJtJILUDeFFh1IKjxQ
DA:229,1,GZSAKVNFlLL+k/f5XjWYcg
DA:33,0,e7JGPQ/fHquKSxaFrFV7eQ
DA:68,0,HWds1K0v1xVK99c0/pEB4g
DA:69,0,CdMLfocgq0AAsD588SPQow
DA:70,0,hK1RXQJBp7+sxFhGYB1A3w
DA:71,0,wy3ewKbJTAwwYYrWXRsJ0A
DA:72,0,xD//Fkn+kpQyWk8pVb3isQ
DA:104,0,/8gVNGUEBQHr3EHBDrCspQ
DA:181,0,SNuhm//JpUl44vBvt+vAiw
DA:182,0,bNCyx3WysPyCEbFTjVlpDg
DA:187,0,mz1a760MLnjDh/LV9HI4+A
DA:188,0,INeDm8WnqLKKzFRDj5ETAw
LF:117
LH:106
end_of_record
TN:
SF:nadi/sdk/input.py
DA:1,1,gNvmMGwc/Q0zRbGQRKEFBw
DA:4,1,6Vrbc9QhMOsPs/+0VcHcpg
DA:5,1,4LgMgWBGno1n5MNJ8WRFsQ
DA:9,1,BZ0k1cQADod8rjHIHyMXWg
DA:11,1,cJ4LmoQuQWdm3j8so2SjlQ
DA:12,1,iDesbDtJXM38R/8VF7k1Bg
DA:13,1,1VutKIeRu4HLOIZoJPZ9lA
DA:16,1,oI7hQvBrZQImtpk3fBRYwg
DA:18,1,9k203Sf3hbCGXmO2Hu36Yw
DA:22,1,NMNKDq45kAk75e6KOFTD7g
DA:23,1,vAIQVj3jXJFr8qHOTgDPZw
DA:28,1,nCcs0Sl8eLDa/jtEoJ00Sw
DA:29,1,4LgMgWBGno1n5MNJ8WRFsQ
DA:33,1,qcTiIB8FRi5fnTtoxMB82g
DA:34,1,eE8JCxRQjk/6S72cCP6voA
DA:36,1,V8bAAebuaSDS0lbC0FlrLg
DA:37,1,iDesbDtJXM38R/8VF7k1Bg
DA:38,1,jwEAe1iuJt+Wv7TzDGdiPg
DA:43,1,zDFWNbfJQJhnFtk6j27yxg
DA:44,1,OiFACvCiO8/wWVkNclCJOw
DA:60,1,HmADa1g/W1C2Vo9Wm4sNNA
DA:61,1,YmDjOCwJDdSU7E05DeXGzg
DA:62,1,+Cc1kUGDfDW5XMhjQSiQ7A
DA:64,1,KtXzjTV+OuxA5VFB3mQdyw
DA:65,1,tjjwFZ2rhFLbIjNSkx9dDA
DA:67,1,EwFMMtFJHWoz5GipHySYew
DA:68,1,OR0Vz4YKKYS9BKnXdh+5GA
DA:71,1,XLiogYSF8K+wqNJQ/yqNNA
DA:72,1,Y+exVRdqfdmSegh7RODHzw
DA:73,1,wBfS8yqSqemr9i2KAqm1uA
DA:76,1,+9g7k/k/CliYKJD+iBmAmg
DA:77,1,S/Sw7UorLUE2REVWD9VjcQ
DA:78,1,wBfS8yqSqemr9i2KAqm1uA
DA:81,1,fOCHGuRHFWzZ6t3zawyEBQ
DA:82,1,S/Sw7UorLUE2REVWD9VjcQ
DA:83,1,wBfS8yqSqemr9i2KAqm1uA
DA:86,1,i3IHO1o11RZPmiOCZJVhmA
DA:87,1,S0KnyXUnF5Cvr5a1P3FARQ
DA:88,1,c4OZHoY2abGo0XhHPm2HqQ
DA:89,1,gou5Q77HVmDcAVeuYunt9g
DA:91,1,KxgaGtJPkScc4OG7mJ59vg
DA:92,1,SJkbJpOrQ+JgBRm4lBNNkw
DA:19,0,f2+P/4AlrZk5h0BxdE18VQ
DA:24,0,BK+foMhfUltpwhLaXPLX4g
DA:25,0,0JJNtApordjaPoF9KwmK/A
DA:45,0,YfMWLJjuYcT+jBQ6VYOQLw
DA:56,0,49axoKS/3e/PzSEcQfzIYw
DA:97,0,EQqGIvZa+kH0jwl/GfniOg
DA:98,0,uR7D6wzDY0I43v7fRUMM2w
DA:99,0,WvJSinUUkbBKuIcWOrVgSw
DA:101,0,0im3JeQxwL12KGySCE01mg
DA:102,0,IvVe1UHs3+TcK6uZlJJGuQ
DA:103,0,peKESZ/8hR6MTUbWri5yKw
LF:53
LH:42
end_of_record
TN:
SF:nadi/sdk/util.py
DA:1,1,qTY6YRl8cyfNxWx3H1Y8SQ
DA:2,1,+gxJOtWmnXr9uXUWumxiWw
DA:3,1,gGTQvjsCFZRTAK01JA8k5Q
DA:4,1,uwEzPucgcgqbTZpNeJSUSA
DA:5,1,xeS1Kr2q4UFK02oVe5jNIw
DA:8,1,uxVGMuWBiD/qUJOMED5Yug
DA:9,1,KxgaGtJPkScc4OG7mJ59vg
DA:10,1,lraGjZ5gibv26/bIRVxp0g
DA:14,1,KxgaGtJPkScc4OG7mJ59vg
DA:15,1,FxkDQWbIS0pUaptTScd+xw
DA:19,1,KxgaGtJPkScc4OG7mJ59vg
DA:20,1,DXgs7czpD4BJuUi2GCkt6Q
DA:21,1,2TXal8ZJP1DJzpsauc/vpQ
DA:23,1,KxgaGtJPkScc4OG7mJ59vg
DA:24,1,Dt39GxxX8eoxwwUYmuVN0w
DA:31,1,KxgaGtJPkScc4OG7mJ59vg
DA:32,1,Ds+9v4nhkwKmrm2T6PPcnw
DA:11,0,VKvr7bZ48nuXmMUSEOz0nQ
DA:12,0,nKURRbOTRXqRqFpldCo8pA
DA:16,0,j8zd8Vkrj1i9IUORdSerTw
DA:17,0,mXVtrHQCsAvToABo7/FKyg
DA:25,0,Nktn/7uuO7YInOooZpWYBg
DA:26,0,R+8InUbBHLa2qQoc7tpflA
DA:33,0,xD//Fkn+kpQyWk8pVb3isQ
LF:24
LH:17
end_of_record
TN:
SF:tests/__init__.py
DA:0,1,1B2M2Y8AsgTpgAmY7PhCfg
LF:0
LH:0
end_of_record
TN:
SF:tests/test_config.py
DA:1,1,3ijn/dNPscvvyHsHyPyRcA
DA:2,1,7Z9Lj4ed27Wf2hBX6jooEA
DA:4,1,uAgdYXAzh6KgaolJmnK62w
DA:5,1,XDr1KBAvXMk8SIcZ9ly6GQ
DA:8,1,PdeCT+gCKi01mTLDEAhHxA
DA:9,1,yRnVnBu8912rPVxkKXYJgQ
DA:10,1,XKyKMeF09AybnDJKa+P0Lw
DA:12,1,Y61YJtW2xs1LtY+nR667mw
DA:13,1,7U/Af7ErtUPFGMGN8J+bBQ
DA:14,1,DUqBzaFMzOb+2NszruQ7vA
DA:15,1,Xr6nONVT24dt8xHMZqHshA
DA:17,1,zJ72N09mj45H2NP7gJuWZg
DA:18,1,eKPuOqgZCDGN1ynSsumgEg
DA:20,1,cck/UX34bNAng+i918p6Yw
DA:21,1,OqedF/8D/7KWZv+EqIbo/g
DA:23,1,i87KRZZcL3vaR/x9Q03ODQ
DA:24,1,hkP17/Jev4gqdlnFDo7GjQ
DA:26,1,yGVu/7S5jwlPLZpadNnEDQ
DA:27,1,8g6NUz7EWLGqbTMRqLFxNA
DA:29,1,as+hY3LSqmtRCtOCsW4xxg
DA:30,1,cNIo/NRyBO2N/K7cZs/UBQ
DA:32,1,kkZtPEWBjnnbHjyRUZpYIQ
DA:33,1,8G6mFa67juxb3ns6fK7VXw
DA:35,1,sdBzrZIKNCGT6nUEHlSllQ
DA:36,1,LbFn0RTvcyMXbH9MOjZa4Q
DA:38,1,mQN7Nhz2waXtmqhGTUYhPg
DA:39,1,/NH3E+SwwFj+LNRmgmjMYA
DA:40,1,Plke3spU9prQ7s2xQ79DUQ
DA:43,1,72U3oGax3ekcdCSJb3dQhw
DA:44,1,Np/DS3Ouw1dSL1xpTAljyA
DA:45,1,C34cl9aJlHfMXSektaBBAw
DA:53,1,u+qNCVPnfMkV9Iz5/AKbyg
DA:54,1,m6hkH+0B8wENp4CaK/TbeQ
DA:56,1,+t9jm3FM6FOpl782RaCL/g
DA:57,1,s+6COFK0K1CUCobT+/vSDg
DA:58,1,LeB1SwSEtAKWerarhHytEw
DA:59,1,B2MwdycRx4bnq98HPUbZHQ
DA:63,1,BX5WLnl4BG5CPWrv3Hd45Q
DA:64,1,LfANVPsxMO9immFpfG+I0A
DA:65,1,6+lF5UivUNUMqXyAtMpGFg
DA:66,1,urWBah6BDA8WoBiUFBkVWA
DA:67,1,gqxuN4q0Hl6xdqCoBSQ1KA
DA:68,1,B0W2SwNCzvpLShH9Ngrk8g
DA:70,1,Le2Q7FzAvNWDtl36ENVoSA
DA:71,1,GZYgoNriRbu4cRv3CVXUnw
DA:72,1,wmcyBirtEpISKCIgtVxgrA
DA:74,1,hQ+Uyly+iwvjsZQ97metYg
DA:75,1,b5JrVTqM2uCiCU9J4XjYpg
DA:76,1,EfvjsKkqTjtbgQvZ3FRX2A
DA:77,1,MUig1LZwXaW86aPIthPgsg
DA:79,1,Heg/O1UgZOm/C1TJLmhHuw
DA:80,1,akG545z1bfjcw2bdcvtcew
DA:81,1,0lEl64gUQFtYG/xHSpA5cA
DA:82,1,H8+Jdh3kRuI8aHcDG6k5wA
DA:84,1,SDfUb1FrUkmZ965sbvz2iA
DA:85,1,EfvjsKkqTjtbgQvZ3FRX2A
DA:86,1,MUig1LZwXaW86aPIthPgsg
DA:88,1,ecOVcdmJRSc94QW5hDqrDQ
DA:89,1,GZYgoNriRbu4cRv3CVXUnw
DA:90,1,wmcyBirtEpISKCIgtVxgrA
DA:92,1,IpPWjoT4ieTdbQGudu/zCQ
DA:93,1,gqxuN4q0Hl6xdqCoBSQ1KA
DA:94,1,B0W2SwNCzvpLShH9Ngrk8g
DA:96,1,LLljXFf1ByzE0hKb0DvCcw
DA:97,1,XbtGJZleG4DQ53Nh5QHDuA
DA:98,1,l8jU+ehZiZTAWJVS5ypc1Q
DA:100,1,B0wBfdobfUdvZ2hpKqlmfg
DA:101,1,dTfq17mlbjySvhEn8mOgqw
DA:102,1,dogW3WkA38TRPMh02pVJLw
DA:104,1,qpFaDwaFByr3uAqjN+usrg
DA:105,1,58ksCWQ0gTJ+Fyllfr02qA
LF:71
LH:71
end_of_record
TN:
SF:tests/test_input.py
DA:0,1,1B2M2Y8AsgTpgAmY7PhCfg
LF:0
LH:0
end_of_record
